<?xml version="1.0" encoding="UTF-8"?>
<testng-results ignored="0" total="1" passed="1" failed="0" skipped="0">
  <reporter-output>
  </reporter-output>
  <suite started-at="2022-07-20T17:11:07 IST" name="Suite" finished-at="2022-07-20T17:11:54 IST" duration-ms="47372">
    <groups>
    </groups>
    <test started-at="2022-07-20T17:11:07 IST" name="Test" finished-at="2022-07-20T17:11:54 IST" duration-ms="47372">
      <class name="hrmAppExample_log.HRMLoginTest_Config">
        <test-method is-config="true" signature="launchApp()[pri:0, instance:hrmAppExample_log.HRMLoginTest_Config@7526515b]" started-at="2022-07-20T17:11:07 IST" name="launchApp" finished-at="2022-07-20T17:11:44 IST" duration-ms="37571" status="PASS">
          <reporter-output>
          </reporter-output>
        </test-method> <!-- launchApp -->
        <test-method signature="login()[pri:0, instance:hrmAppExample_log.HRMLoginTest_Config@7526515b]" started-at="2022-07-20T17:11:45 IST" name="login" finished-at="2022-07-20T17:11:50 IST" duration-ms="5655" status="PASS">
          <reporter-output>
          </reporter-output>
        </test-method> <!-- login -->
        <test-method is-config="true" signature="closeApp()[pri:0, instance:hrmAppExample_log.HRMLoginTest_Config@7526515b]" started-at="2022-07-20T17:11:50 IST" name="closeApp" finished-at="2022-07-20T17:11:54 IST" duration-ms="4066" status="PASS">
          <reporter-output>
          </reporter-output>
        </test-method> <!-- closeApp -->
      </class> <!-- hrmAppExample_log.HRMLoginTest_Config -->
    </test> <!-- Test -->
  </suite> <!-- Suite -->
</testng-results>
